2023-02-13 08:39:09,933 INFO o.a.j.u.JMeterUtils: Setting Locale to en_US
2023-02-13 08:39:09,964 INFO o.a.j.JMeter: Loading system properties from: system.properties
2023-02-13 08:39:09,964 INFO o.a.j.JMeter: Setting System property: sun.net.http.allowRestrictedHeaders=true
2023-02-13 08:39:09,980 INFO o.a.j.JMeter: Copyright (c) 1998-2022 The Apache Software Foundation
2023-02-13 08:39:09,980 INFO o.a.j.JMeter: Version 5.5
2023-02-13 08:39:09,980 INFO o.a.j.JMeter: java.version=1.8.0_92
2023-02-13 08:39:09,981 INFO o.a.j.JMeter: java.vm.name=Java HotSpot(TM) 64-Bit Server VM
2023-02-13 08:39:09,982 INFO o.a.j.JMeter: os.name=Windows 10
2023-02-13 08:39:09,982 INFO o.a.j.JMeter: os.arch=amd64
2023-02-13 08:39:09,982 INFO o.a.j.JMeter: os.version=10.0
2023-02-13 08:39:09,982 INFO o.a.j.JMeter: file.encoding=Cp1252
2023-02-13 08:39:09,982 INFO o.a.j.JMeter: java.awt.headless=true
2023-02-13 08:39:09,982 INFO o.a.j.JMeter: Max memory     =514850816
2023-02-13 08:39:09,982 INFO o.a.j.JMeter: Available Processors =8
2023-02-13 08:39:09,991 INFO o.a.j.JMeter: Default Locale=English (United States)
2023-02-13 08:39:09,991 INFO o.a.j.JMeter: JMeter  Locale=English (United States)
2023-02-13 08:39:09,991 INFO o.a.j.JMeter: JMeterHome=C:\Users\vinod_kammara\Desktop\POC-AWS\Jmeter-AWS-Pipe\SystemTest-Project\target\0a06a679-e844-4ee0-9c56-447b8afc8c3d\jmeter
2023-02-13 08:39:09,991 INFO o.a.j.JMeter: user.dir  =C:\Users\vinod_kammara\Desktop\POC-AWS\Jmeter-AWS-Pipe\SystemTest-Project\target\0a06a679-e844-4ee0-9c56-447b8afc8c3d\jmeter\bin
2023-02-13 08:39:09,992 INFO o.a.j.JMeter: PWD       =C:\Users\vinod_kammara\Desktop\POC-AWS\Jmeter-AWS-Pipe\SystemTest-Project\target\0a06a679-e844-4ee0-9c56-447b8afc8c3d\jmeter\bin
2023-02-13 08:39:09,995 INFO o.a.j.JMeter: IP: 192.168.1.6 Name: ARPGL006737 FullName: ARPGL006737.persistent.co.in
2023-02-13 08:39:10,031 INFO o.a.j.s.FileServer: Default base='C:\Users\vinod_kammara\Desktop\POC-AWS\Jmeter-AWS-Pipe\SystemTest-Project\target\0a06a679-e844-4ee0-9c56-447b8afc8c3d\jmeter\bin'
2023-02-13 08:39:10,032 INFO o.a.j.s.FileServer: Set new base='C:\Users\vinod_kammara\Desktop\POC-AWS\Jmeter-AWS-Pipe\SystemTest-Project\target\jmeter\testFiles'
2023-02-13 08:39:10,260 INFO o.a.j.s.SaveService: Testplan (JMX) version: 2.2. Testlog (JTL) version: 2.2
2023-02-13 08:39:10,281 INFO o.a.j.s.SaveService: Using SaveService properties file encoding UTF-8
2023-02-13 08:39:10,284 INFO o.a.j.s.SaveService: Using SaveService properties version 5.0
2023-02-13 08:39:10,298 INFO o.a.j.s.SaveService: Loading file: C:\Users\vinod_kammara\Desktop\POC-AWS\Jmeter-AWS-Pipe\SystemTest-Project\target\jmeter\testFiles\jmeter-example.jmx
2023-02-13 08:39:10,347 INFO o.a.j.p.h.c.CookieManager: Settings: Delete null: true Check: true Allow variable: true Save: false Prefix: COOKIE_
2023-02-13 08:39:10,351 INFO o.a.j.p.h.c.CacheManager: Will only cache the following methods: [GET]
2023-02-13 08:39:10,364 INFO o.a.j.p.h.s.HTTPSamplerBase: Parser for text/html is org.apache.jmeter.protocol.http.parser.LagartoBasedHtmlParser
2023-02-13 08:39:10,364 INFO o.a.j.p.h.s.HTTPSamplerBase: Parser for application/xhtml+xml is org.apache.jmeter.protocol.http.parser.LagartoBasedHtmlParser
2023-02-13 08:39:10,364 INFO o.a.j.p.h.s.HTTPSamplerBase: Parser for application/xml is org.apache.jmeter.protocol.http.parser.LagartoBasedHtmlParser
2023-02-13 08:39:10,364 INFO o.a.j.p.h.s.HTTPSamplerBase: Parser for text/xml is org.apache.jmeter.protocol.http.parser.LagartoBasedHtmlParser
2023-02-13 08:39:10,378 INFO o.a.j.p.h.s.HTTPSamplerBase: Parser for text/vnd.wap.wml is org.apache.jmeter.protocol.http.parser.RegexpHTMLParser
2023-02-13 08:39:10,378 INFO o.a.j.p.h.s.HTTPSamplerBase: Parser for text/css is org.apache.jmeter.protocol.http.parser.CssParser
2023-02-13 08:39:10,760 INFO o.a.j.JMeter: Creating summariser <summary>
2023-02-13 08:39:10,779 INFO o.a.j.e.StandardJMeterEngine: Running the test!
2023-02-13 08:39:10,781 INFO o.a.j.s.SampleEvent: List of sample_variables: []
2023-02-13 08:39:10,781 INFO o.a.j.s.SampleEvent: List of sample_variables: []
2023-02-13 08:39:10,791 INFO o.a.j.e.u.CompoundVariable: Note: Function class names must contain the string: '.functions.'
2023-02-13 08:39:10,791 INFO o.a.j.e.u.CompoundVariable: Note: Function class names must not contain the string: '.gui.'
2023-02-13 08:39:11,313 INFO o.a.j.JMeter: Running test (1676257751313)
2023-02-13 08:39:11,421 INFO o.a.j.e.StandardJMeterEngine: Starting ThreadGroup: 1 : Thread Group
2023-02-13 08:39:11,421 INFO o.a.j.e.StandardJMeterEngine: Starting 50 threads for group Thread Group.
2023-02-13 08:39:11,421 INFO o.a.j.e.StandardJMeterEngine: Thread will continue on error
2023-02-13 08:39:11,422 INFO o.a.j.t.ThreadGroup: Starting thread group... number=1 threads=50 ramp-up=30 delayedStart=false
2023-02-13 08:39:11,433 INFO o.a.j.t.JMeterThread: Thread started: Thread Group 1-1
2023-02-13 08:39:11,455 INFO o.a.j.t.ThreadGroup: Started thread group number 1
2023-02-13 08:39:11,455 INFO o.a.j.e.StandardJMeterEngine: All thread groups have been started
2023-02-13 08:39:12,030 INFO o.a.j.t.JMeterThread: Thread started: Thread Group 1-2
2023-02-13 08:39:12,560 INFO o.a.j.p.h.s.HTTPHCAbstractImpl: Local host = ARPGL006737
2023-02-13 08:39:12,568 INFO o.a.j.p.h.s.HTTPHC4Impl: HTTP request retry count = 0
2023-02-13 08:39:12,569 INFO o.a.j.s.SampleResult: Note: Sample TimeStamps are START times
2023-02-13 08:39:12,569 INFO o.a.j.s.SampleResult: sampleresult.default.encoding is set to ISO-8859-1
2023-02-13 08:39:12,570 INFO o.a.j.s.SampleResult: sampleresult.useNanoTime=true
2023-02-13 08:39:12,570 INFO o.a.j.s.SampleResult: sampleresult.nanoThreadSleep=5000
2023-02-13 08:39:12,627 INFO o.a.j.t.JMeterThread: Thread started: Thread Group 1-3
2023-02-13 08:39:12,804 INFO o.a.j.p.h.s.h.LazyLayeredConnectionSocketFactory: Setting up HTTPS TrustAll Socket Factory
2023-02-13 08:39:12,815 INFO o.a.j.u.JsseSSLManager: Using default SSL protocol: TLS
2023-02-13 08:39:12,815 INFO o.a.j.u.JsseSSLManager: SSL session context: per-thread
2023-02-13 08:39:12,886 INFO o.a.j.u.SSLManager: JmeterKeyStore Location:  type JKS
2023-02-13 08:39:12,889 INFO o.a.j.u.SSLManager: KeyStore created OK
2023-02-13 08:39:12,889 WARN o.a.j.u.SSLManager: Keystore file not found, loading empty keystore
2023-02-13 08:39:13,227 INFO o.a.j.t.JMeterThread: Thread started: Thread Group 1-4
2023-02-13 08:39:13,827 INFO o.a.j.t.JMeterThread: Thread started: Thread Group 1-5
2023-02-13 08:39:14,426 INFO o.a.j.t.JMeterThread: Thread started: Thread Group 1-6
2023-02-13 08:39:15,027 INFO o.a.j.t.JMeterThread: Thread started: Thread Group 1-7
2023-02-13 08:39:15,370 INFO o.a.j.p.h.p.BaseParser: Created org.apache.jmeter.protocol.http.parser.LagartoBasedHtmlParser
2023-02-13 08:39:15,625 INFO o.a.j.t.JMeterThread: Thread started: Thread Group 1-8
2023-02-13 08:39:16,225 INFO o.a.j.t.JMeterThread: Thread started: Thread Group 1-9
2023-02-13 08:39:16,823 INFO o.a.j.t.JMeterThread: Thread started: Thread Group 1-10
2023-02-13 08:39:17,423 INFO o.a.j.t.JMeterThread: Thread started: Thread Group 1-11
2023-02-13 08:39:18,024 INFO o.a.j.t.JMeterThread: Thread started: Thread Group 1-12
2023-02-13 08:39:18,623 INFO o.a.j.t.JMeterThread: Thread started: Thread Group 1-13
2023-02-13 08:39:19,226 INFO o.a.j.t.JMeterThread: Thread started: Thread Group 1-14
2023-02-13 08:39:19,823 INFO o.a.j.t.JMeterThread: Thread started: Thread Group 1-15
2023-02-13 08:39:20,423 INFO o.a.j.t.JMeterThread: Thread started: Thread Group 1-16
2023-02-13 08:39:21,023 INFO o.a.j.t.JMeterThread: Thread started: Thread Group 1-17
2023-02-13 08:39:21,624 INFO o.a.j.t.JMeterThread: Thread started: Thread Group 1-18
2023-02-13 08:39:22,223 INFO o.a.j.t.JMeterThread: Thread started: Thread Group 1-19
2023-02-13 08:39:22,823 INFO o.a.j.t.JMeterThread: Thread started: Thread Group 1-20
2023-02-13 08:39:23,423 INFO o.a.j.t.JMeterThread: Thread started: Thread Group 1-21
2023-02-13 08:39:24,024 INFO o.a.j.t.JMeterThread: Thread started: Thread Group 1-22
2023-02-13 08:39:24,623 INFO o.a.j.t.JMeterThread: Thread started: Thread Group 1-23
2023-02-13 08:39:25,224 INFO o.a.j.t.JMeterThread: Thread started: Thread Group 1-24
2023-02-13 08:39:25,823 INFO o.a.j.t.JMeterThread: Thread started: Thread Group 1-25
2023-02-13 08:39:26,425 INFO o.a.j.t.JMeterThread: Thread started: Thread Group 1-26
2023-02-13 08:39:27,023 INFO o.a.j.t.JMeterThread: Thread started: Thread Group 1-27
2023-02-13 08:39:27,622 INFO o.a.j.t.JMeterThread: Thread started: Thread Group 1-28
2023-02-13 08:39:28,224 INFO o.a.j.t.JMeterThread: Thread started: Thread Group 1-29
2023-02-13 08:39:28,822 INFO o.a.j.t.JMeterThread: Thread started: Thread Group 1-30
2023-02-13 08:39:29,423 INFO o.a.j.t.JMeterThread: Thread started: Thread Group 1-31
2023-02-13 08:39:30,003 INFO o.a.j.r.Summariser: summary +     57 in 00:00:19 =    3.1/s Avg:   739 Min:   578 Max:  2722 Err:     0 (0.00%) Active: 31 Started: 31 Finished: 0
2023-02-13 08:39:30,024 INFO o.a.j.t.JMeterThread: Thread started: Thread Group 1-32
2023-02-13 08:39:30,623 INFO o.a.j.t.JMeterThread: Thread started: Thread Group 1-33
2023-02-13 08:39:30,670 INFO o.a.j.t.JMeterThread: Thread finished: Thread Group 1-19
2023-02-13 08:39:31,222 INFO o.a.j.t.JMeterThread: Thread started: Thread Group 1-34
2023-02-13 08:39:31,824 INFO o.a.j.t.JMeterThread: Thread started: Thread Group 1-35
2023-02-13 08:39:32,423 INFO o.a.j.t.JMeterThread: Thread started: Thread Group 1-36
2023-02-13 08:39:33,024 INFO o.a.j.t.JMeterThread: Thread started: Thread Group 1-37
2023-02-13 08:39:33,623 INFO o.a.j.t.JMeterThread: Thread started: Thread Group 1-38
2023-02-13 08:39:34,223 INFO o.a.j.t.JMeterThread: Thread started: Thread Group 1-39
2023-02-13 08:39:34,824 INFO o.a.j.t.JMeterThread: Thread started: Thread Group 1-40
2023-02-13 08:39:35,182 INFO o.a.j.t.JMeterThread: Thread finished: Thread Group 1-13
2023-02-13 08:39:35,424 INFO o.a.j.t.JMeterThread: Thread started: Thread Group 1-41
2023-02-13 08:39:35,424 INFO o.a.j.t.JMeterThread: Thread finished: Thread Group 1-41
2023-02-13 08:39:36,023 INFO o.a.j.t.JMeterThread: Thread started: Thread Group 1-42
2023-02-13 08:39:36,293 INFO o.a.j.t.JMeterThread: Thread finished: Thread Group 1-8
2023-02-13 08:39:36,624 INFO o.a.j.t.JMeterThread: Thread started: Thread Group 1-43
2023-02-13 08:39:36,624 INFO o.a.j.t.JMeterThread: Thread finished: Thread Group 1-43
2023-02-13 08:39:36,773 INFO o.a.j.t.JMeterThread: Thread finished: Thread Group 1-1
2023-02-13 08:39:37,224 INFO o.a.j.t.JMeterThread: Thread started: Thread Group 1-44
2023-02-13 08:39:37,224 INFO o.a.j.t.JMeterThread: Thread finished: Thread Group 1-44
2023-02-13 08:39:37,710 INFO o.a.j.t.JMeterThread: Thread finished: Thread Group 1-2
2023-02-13 08:39:37,776 INFO o.a.j.t.JMeterThread: Thread finished: Thread Group 1-34
2023-02-13 08:39:37,824 INFO o.a.j.t.JMeterThread: Thread started: Thread Group 1-45
2023-02-13 08:39:37,824 INFO o.a.j.t.JMeterThread: Thread finished: Thread Group 1-45
2023-02-13 08:39:37,895 INFO o.a.j.t.JMeterThread: Thread finished: Thread Group 1-4
2023-02-13 08:39:38,406 INFO o.a.j.t.JMeterThread: Thread finished: Thread Group 1-25
2023-02-13 08:39:38,424 INFO o.a.j.t.JMeterThread: Thread started: Thread Group 1-46
2023-02-13 08:39:38,424 INFO o.a.j.t.JMeterThread: Thread finished: Thread Group 1-46
2023-02-13 08:39:38,463 INFO o.a.j.t.JMeterThread: Thread finished: Thread Group 1-6
2023-02-13 08:39:38,632 INFO o.a.j.t.JMeterThread: Thread finished: Thread Group 1-3
2023-02-13 08:39:38,852 INFO o.a.j.t.JMeterThread: Thread finished: Thread Group 1-9
2023-02-13 08:39:39,022 INFO o.a.j.t.JMeterThread: Thread started: Thread Group 1-47
2023-02-13 08:39:39,022 INFO o.a.j.t.JMeterThread: Thread finished: Thread Group 1-47
2023-02-13 08:39:39,198 INFO o.a.j.t.JMeterThread: Thread finished: Thread Group 1-20
2023-02-13 08:39:39,208 INFO o.a.j.t.JMeterThread: Thread finished: Thread Group 1-21
2023-02-13 08:39:39,285 INFO o.a.j.t.JMeterThread: Thread finished: Thread Group 1-12
2023-02-13 08:39:39,471 INFO o.a.j.t.JMeterThread: Thread finished: Thread Group 1-16
2023-02-13 08:39:39,501 INFO o.a.j.t.JMeterThread: Thread finished: Thread Group 1-39
2023-02-13 08:39:39,541 INFO o.a.j.t.JMeterThread: Thread finished: Thread Group 1-5
2023-02-13 08:39:39,624 INFO o.a.j.t.JMeterThread: Thread started: Thread Group 1-48
2023-02-13 08:39:39,884 INFO o.a.j.t.JMeterThread: Thread finished: Thread Group 1-30
2023-02-13 08:39:39,928 INFO o.a.j.t.JMeterThread: Thread finished: Thread Group 1-33
2023-02-13 08:39:40,018 INFO o.a.j.t.JMeterThread: Thread finished: Thread Group 1-38
2023-02-13 08:39:40,223 INFO o.a.j.t.JMeterThread: Thread started: Thread Group 1-49
2023-02-13 08:39:40,223 INFO o.a.j.t.JMeterThread: Thread finished: Thread Group 1-49
2023-02-13 08:39:40,258 INFO o.a.j.t.JMeterThread: Thread finished: Thread Group 1-31
2023-02-13 08:39:40,261 INFO o.a.j.t.JMeterThread: Thread finished: Thread Group 1-14
2023-02-13 08:39:40,316 INFO o.a.j.t.JMeterThread: Thread finished: Thread Group 1-18
2023-02-13 08:39:40,365 INFO o.a.j.t.JMeterThread: Thread finished: Thread Group 1-36
2023-02-13 08:39:40,568 INFO o.a.j.t.JMeterThread: Thread finished: Thread Group 1-35
2023-02-13 08:39:40,598 INFO o.a.j.t.JMeterThread: Thread finished: Thread Group 1-28
2023-02-13 08:39:40,618 INFO o.a.j.t.JMeterThread: Thread finished: Thread Group 1-7
2023-02-13 08:39:40,672 INFO o.a.j.t.JMeterThread: Thread finished: Thread Group 1-29
2023-02-13 08:39:40,695 INFO o.a.j.t.JMeterThread: Thread finished: Thread Group 1-22
2023-02-13 08:39:40,699 INFO o.a.j.t.JMeterThread: Thread finished: Thread Group 1-17
2023-02-13 08:39:40,823 INFO o.a.j.t.JMeterThread: Thread started: Thread Group 1-50
2023-02-13 08:39:40,823 INFO o.a.j.t.JMeterThread: Thread finished: Thread Group 1-50
2023-02-13 08:39:40,852 INFO o.a.j.t.JMeterThread: Thread finished: Thread Group 1-23
2023-02-13 08:39:40,964 INFO o.a.j.t.JMeterThread: Thread finished: Thread Group 1-11
2023-02-13 08:39:41,001 INFO o.a.j.t.JMeterThread: Thread finished: Thread Group 1-10
2023-02-13 08:39:41,160 INFO o.a.j.t.JMeterThread: Thread finished: Thread Group 1-27
2023-02-13 08:39:41,213 INFO o.a.j.t.JMeterThread: Thread finished: Thread Group 1-37
2023-02-13 08:39:41,279 INFO o.a.j.t.JMeterThread: Thread finished: Thread Group 1-40
2023-02-13 08:39:41,309 INFO o.a.j.t.JMeterThread: Thread finished: Thread Group 1-15
2023-02-13 08:39:41,593 INFO o.a.j.t.JMeterThread: Stopping because end time detected by thread: Thread Group 1-32
2023-02-13 08:39:41,593 INFO o.a.j.t.JMeterThread: Thread finished: Thread Group 1-32
2023-02-13 08:39:41,801 INFO o.a.j.t.JMeterThread: Stopping because end time detected by thread: Thread Group 1-42
2023-02-13 08:39:41,801 INFO o.a.j.t.JMeterThread: Thread finished: Thread Group 1-42
2023-02-13 08:39:41,855 INFO o.a.j.t.JMeterThread: Stopping because end time detected by thread: Thread Group 1-48
2023-02-13 08:39:41,855 INFO o.a.j.t.JMeterThread: Thread finished: Thread Group 1-48
2023-02-13 08:39:41,866 INFO o.a.j.t.JMeterThread: Stopping because end time detected by thread: Thread Group 1-26
2023-02-13 08:39:41,866 INFO o.a.j.t.JMeterThread: Thread finished: Thread Group 1-26
2023-02-13 08:39:42,018 INFO o.a.j.t.JMeterThread: Stopping because end time detected by thread: Thread Group 1-24
2023-02-13 08:39:42,018 INFO o.a.j.t.JMeterThread: Thread finished: Thread Group 1-24
2023-02-13 08:39:42,018 INFO o.a.j.e.StandardJMeterEngine: Notifying test listeners of end of test
2023-02-13 08:39:42,021 INFO o.a.j.p.h.s.ResourcesDownloader: Creating ResourcesDownloader with keepalive_inseconds : 60
2023-02-13 08:39:42,024 INFO o.a.j.r.Summariser: summary +     91 in 00:00:12 =    7.6/s Avg:   692 Min:   577 Max:  1532 Err:     0 (0.00%) Active: 0 Started: 50 Finished: 50
2023-02-13 08:39:42,024 INFO o.a.j.r.Summariser: summary =    148 in 00:00:31 =    4.8/s Avg:   710 Min:   577 Max:  2722 Err:     0 (0.00%)
